2018-02-15 16:31:50,973 [Worker-0] INFO  c.g.t.t.d.PublishedGradleVersions - Gradle version information cache is up-to-date. Trying to read.
2018-02-15 16:32:52,927 [Worker-9] INFO  o.e.m.c.i.p.ProjectConfigurationManager - Collecting project info '/pom.xml' C:\Users\Sonofkyuss\ExamenMvpigs\lamiaeElWahabi\pom.xml
2018-02-15 16:32:54,535 [Worker-9] INFO  o.e.m.c.i.l.LifecycleMappingFactory - Using org.eclipse.m2e.jdt.JarLifecycleMapping lifecycle mapping for MavenProject: org.mvpigs:lamiaeElWahabi:0.0.1-SNAPSHOT @ C:\Users\Sonofkyuss\ExamenMvpigs\lamiaeElWahabi\pom.xml.
2018-02-15 16:32:54,883 [Worker-9] INFO  o.e.m.j.i.AbstractJavaProjectConfigurator - Adding source folder /lamiaeElWahabi/src/main/java
2018-02-15 16:32:54,888 [Worker-9] INFO  o.e.m.j.i.AbstractJavaProjectConfigurator - Adding source folder /lamiaeElWahabi/src/test/java
2018-02-15 16:32:55,564 [Worker-9] INFO  o.e.m.c.i.p.ProjectConfigurationManager - Imported and configured 1 project(s) in 2 sec
2018-02-15 16:32:56,377 [Worker-0] INFO  o.e.m.c.i.embedder.EclipseLogger - Using 'UTF-8' encoding to copy filtered resources.
2018-02-15 16:32:56,378 [Worker-0] INFO  o.e.m.c.i.embedder.EclipseLogger - skip non existing resourceDirectory C:\Users\Sonofkyuss\ExamenMvpigs\lamiaeElWahabi\src\main\resources
2018-02-15 16:32:56,381 [Worker-0] INFO  o.e.m.c.i.embedder.EclipseLogger - Using 'UTF-8' encoding to copy filtered resources.
2018-02-15 16:32:56,382 [Worker-0] INFO  o.e.m.c.i.embedder.EclipseLogger - skip non existing resourceDirectory C:\Users\Sonofkyuss\ExamenMvpigs\lamiaeElWahabi\src\test\resources
2018-02-15 16:33:24,678 [Worker-10] INFO  o.e.m.c.i.l.LifecycleMappingFactory - Using org.eclipse.m2e.jdt.JarLifecycleMapping lifecycle mapping for MavenProject: org.mvpigs:lamiaeElWahabi:0.0.1-SNAPSHOT @ C:\Users\Sonofkyuss\ExamenMvpigs\lamiaeElWahabi\pom.xml.
2018-02-15 16:33:25,048 [Worker-10] INFO  o.e.m.c.i.embedder.EclipseLogger - Using 'UTF-8' encoding to copy filtered resources.
2018-02-15 16:33:25,049 [Worker-10] INFO  o.e.m.c.i.embedder.EclipseLogger - skip non existing resourceDirectory C:\Users\Sonofkyuss\ExamenMvpigs\lamiaeElWahabi\src\main\resources
2018-02-15 16:33:25,052 [Worker-10] INFO  o.e.m.c.i.embedder.EclipseLogger - Using 'UTF-8' encoding to copy filtered resources.
2018-02-15 16:33:25,052 [Worker-10] INFO  o.e.m.c.i.embedder.EclipseLogger - skip non existing resourceDirectory C:\Users\Sonofkyuss\ExamenMvpigs\lamiaeElWahabi\src\test\resources
2018-02-15 16:33:26,248 [Worker-11] INFO  o.e.m.c.i.embedder.EclipseLogger - Using 'UTF-8' encoding to copy filtered resources.
2018-02-15 16:33:26,249 [Worker-11] INFO  o.e.m.c.i.embedder.EclipseLogger - skip non existing resourceDirectory C:\Users\Sonofkyuss\ExamenMvpigs\lamiaeElWahabi\src\main\resources
2018-02-15 16:33:26,251 [Worker-11] INFO  o.e.m.c.i.embedder.EclipseLogger - Using 'UTF-8' encoding to copy filtered resources.
2018-02-15 16:33:26,251 [Worker-11] INFO  o.e.m.c.i.embedder.EclipseLogger - skip non existing resourceDirectory C:\Users\Sonofkyuss\ExamenMvpigs\lamiaeElWahabi\src\test\resources
2018-02-15 16:35:25,716 [Worker-12] INFO  o.e.m.c.i.embedder.EclipseLogger - Using 'UTF-8' encoding to copy filtered resources.
2018-02-15 16:35:25,717 [Worker-12] INFO  o.e.m.c.i.embedder.EclipseLogger - skip non existing resourceDirectory C:\Users\Sonofkyuss\ExamenMvpigs\lamiaeElWahabi\src\main\resources
2018-02-15 16:35:25,718 [Worker-12] INFO  o.e.m.c.i.embedder.EclipseLogger - Using 'UTF-8' encoding to copy filtered resources.
2018-02-15 16:35:25,719 [Worker-12] INFO  o.e.m.c.i.embedder.EclipseLogger - skip non existing resourceDirectory C:\Users\Sonofkyuss\ExamenMvpigs\lamiaeElWahabi\src\test\resources
2018-02-15 16:35:50,065 [Worker-2] INFO  o.e.m.c.i.embedder.EclipseLogger - Using 'UTF-8' encoding to copy filtered resources.
2018-02-15 16:35:50,065 [Worker-2] INFO  o.e.m.c.i.embedder.EclipseLogger - skip non existing resourceDirectory C:\Users\Sonofkyuss\ExamenMvpigs\lamiaeElWahabi\src\main\resources
2018-02-15 16:35:50,074 [Worker-2] INFO  o.e.m.c.i.embedder.EclipseLogger - Using 'UTF-8' encoding to copy filtered resources.
2018-02-15 16:35:50,078 [Worker-2] INFO  o.e.m.c.i.embedder.EclipseLogger - skip non existing resourceDirectory C:\Users\Sonofkyuss\ExamenMvpigs\lamiaeElWahabi\src\test\resources
2018-02-15 16:37:10,322 [Worker-12] INFO  o.e.m.c.i.embedder.EclipseLogger - Using 'UTF-8' encoding to copy filtered resources.
2018-02-15 16:37:10,323 [Worker-12] INFO  o.e.m.c.i.embedder.EclipseLogger - skip non existing resourceDirectory C:\Users\Sonofkyuss\ExamenMvpigs\lamiaeElWahabi\src\main\resources
2018-02-15 16:37:10,325 [Worker-12] INFO  o.e.m.c.i.embedder.EclipseLogger - Using 'UTF-8' encoding to copy filtered resources.
2018-02-15 16:37:10,325 [Worker-12] INFO  o.e.m.c.i.embedder.EclipseLogger - skip non existing resourceDirectory C:\Users\Sonofkyuss\ExamenMvpigs\lamiaeElWahabi\src\test\resources
2018-02-15 16:37:48,624 [Worker-9] INFO  o.e.m.c.i.embedder.EclipseLogger - Using 'UTF-8' encoding to copy filtered resources.
2018-02-15 16:37:48,625 [Worker-9] INFO  o.e.m.c.i.embedder.EclipseLogger - skip non existing resourceDirectory C:\Users\Sonofkyuss\ExamenMvpigs\lamiaeElWahabi\src\main\resources
2018-02-15 16:37:48,628 [Worker-9] INFO  o.e.m.c.i.embedder.EclipseLogger - Using 'UTF-8' encoding to copy filtered resources.
2018-02-15 16:37:48,629 [Worker-9] INFO  o.e.m.c.i.embedder.EclipseLogger - skip non existing resourceDirectory C:\Users\Sonofkyuss\ExamenMvpigs\lamiaeElWahabi\src\test\resources
2018-02-15 16:40:30,055 [Worker-10] INFO  o.e.m.c.i.embedder.EclipseLogger - Using 'UTF-8' encoding to copy filtered resources.
2018-02-15 16:40:30,056 [Worker-10] INFO  o.e.m.c.i.embedder.EclipseLogger - skip non existing resourceDirectory C:\Users\Sonofkyuss\ExamenMvpigs\lamiaeElWahabi\src\main\resources
2018-02-15 16:40:30,058 [Worker-10] INFO  o.e.m.c.i.embedder.EclipseLogger - Using 'UTF-8' encoding to copy filtered resources.
2018-02-15 16:40:30,058 [Worker-10] INFO  o.e.m.c.i.embedder.EclipseLogger - skip non existing resourceDirectory C:\Users\Sonofkyuss\ExamenMvpigs\lamiaeElWahabi\src\test\resources
2018-02-15 16:42:43,269 [Worker-4] INFO  o.e.m.c.i.embedder.EclipseLogger - Using 'UTF-8' encoding to copy filtered resources.
2018-02-15 16:42:43,270 [Worker-4] INFO  o.e.m.c.i.embedder.EclipseLogger - skip non existing resourceDirectory C:\Users\Sonofkyuss\ExamenMvpigs\lamiaeElWahabi\src\main\resources
2018-02-15 16:42:43,275 [Worker-4] INFO  o.e.m.c.i.embedder.EclipseLogger - Using 'UTF-8' encoding to copy filtered resources.
2018-02-15 16:42:43,275 [Worker-4] INFO  o.e.m.c.i.embedder.EclipseLogger - skip non existing resourceDirectory C:\Users\Sonofkyuss\ExamenMvpigs\lamiaeElWahabi\src\test\resources
2018-02-15 16:42:55,034 [Worker-14] INFO  o.e.m.c.i.embedder.EclipseLogger - Using 'UTF-8' encoding to copy filtered resources.
2018-02-15 16:42:55,034 [Worker-14] INFO  o.e.m.c.i.embedder.EclipseLogger - skip non existing resourceDirectory C:\Users\Sonofkyuss\ExamenMvpigs\lamiaeElWahabi\src\main\resources
2018-02-15 16:42:55,035 [Worker-14] INFO  o.e.m.c.i.embedder.EclipseLogger - Using 'UTF-8' encoding to copy filtered resources.
2018-02-15 16:42:55,036 [Worker-14] INFO  o.e.m.c.i.embedder.EclipseLogger - skip non existing resourceDirectory C:\Users\Sonofkyuss\ExamenMvpigs\lamiaeElWahabi\src\test\resources
2018-02-15 16:45:13,600 [Worker-14] INFO  o.e.m.c.i.embedder.EclipseLogger - Using 'UTF-8' encoding to copy filtered resources.
2018-02-15 16:45:13,600 [Worker-14] INFO  o.e.m.c.i.embedder.EclipseLogger - skip non existing resourceDirectory C:\Users\Sonofkyuss\ExamenMvpigs\lamiaeElWahabi\src\main\resources
2018-02-15 16:45:13,602 [Worker-14] INFO  o.e.m.c.i.embedder.EclipseLogger - Using 'UTF-8' encoding to copy filtered resources.
2018-02-15 16:45:13,603 [Worker-14] INFO  o.e.m.c.i.embedder.EclipseLogger - skip non existing resourceDirectory C:\Users\Sonofkyuss\ExamenMvpigs\lamiaeElWahabi\src\test\resources
2018-02-15 16:50:14,489 [Worker-14] INFO  o.e.m.c.i.embedder.EclipseLogger - Using 'UTF-8' encoding to copy filtered resources.
2018-02-15 16:50:14,489 [Worker-14] INFO  o.e.m.c.i.embedder.EclipseLogger - skip non existing resourceDirectory C:\Users\Sonofkyuss\ExamenMvpigs\lamiaeElWahabi\src\main\resources
2018-02-15 16:50:14,489 [Worker-14] INFO  o.e.m.c.i.embedder.EclipseLogger - Using 'UTF-8' encoding to copy filtered resources.
2018-02-15 16:50:14,489 [Worker-14] INFO  o.e.m.c.i.embedder.EclipseLogger - skip non existing resourceDirectory C:\Users\Sonofkyuss\ExamenMvpigs\lamiaeElWahabi\src\test\resources
2018-02-15 16:50:22,786 [Worker-13] INFO  o.e.m.c.i.embedder.EclipseLogger - Using 'UTF-8' encoding to copy filtered resources.
2018-02-15 16:50:22,786 [Worker-13] INFO  o.e.m.c.i.embedder.EclipseLogger - skip non existing resourceDirectory C:\Users\Sonofkyuss\ExamenMvpigs\lamiaeElWahabi\src\main\resources
2018-02-15 16:50:22,786 [Worker-13] INFO  o.e.m.c.i.embedder.EclipseLogger - Using 'UTF-8' encoding to copy filtered resources.
2018-02-15 16:50:22,786 [Worker-13] INFO  o.e.m.c.i.embedder.EclipseLogger - skip non existing resourceDirectory C:\Users\Sonofkyuss\ExamenMvpigs\lamiaeElWahabi\src\test\resources
2018-02-15 16:50:37,255 [Worker-13] INFO  o.e.m.c.i.embedder.EclipseLogger - Using 'UTF-8' encoding to copy filtered resources.
2018-02-15 16:50:37,255 [Worker-13] INFO  o.e.m.c.i.embedder.EclipseLogger - skip non existing resourceDirectory C:\Users\Sonofkyuss\ExamenMvpigs\lamiaeElWahabi\src\main\resources
2018-02-15 16:50:37,255 [Worker-13] INFO  o.e.m.c.i.embedder.EclipseLogger - Using 'UTF-8' encoding to copy filtered resources.
2018-02-15 16:50:37,255 [Worker-13] INFO  o.e.m.c.i.embedder.EclipseLogger - skip non existing resourceDirectory C:\Users\Sonofkyuss\ExamenMvpigs\lamiaeElWahabi\src\test\resources
2018-02-15 16:50:47,008 [Worker-14] INFO  o.e.m.c.i.embedder.EclipseLogger - Using 'UTF-8' encoding to copy filtered resources.
2018-02-15 16:50:47,008 [Worker-14] INFO  o.e.m.c.i.embedder.EclipseLogger - skip non existing resourceDirectory C:\Users\Sonofkyuss\ExamenMvpigs\lamiaeElWahabi\src\main\resources
2018-02-15 16:50:47,008 [Worker-14] INFO  o.e.m.c.i.embedder.EclipseLogger - Using 'UTF-8' encoding to copy filtered resources.
2018-02-15 16:50:47,008 [Worker-14] INFO  o.e.m.c.i.embedder.EclipseLogger - skip non existing resourceDirectory C:\Users\Sonofkyuss\ExamenMvpigs\lamiaeElWahabi\src\test\resources
2018-02-15 16:51:08,297 [Worker-17] INFO  o.e.m.c.i.embedder.EclipseLogger - Using 'UTF-8' encoding to copy filtered resources.
2018-02-15 16:51:08,297 [Worker-17] INFO  o.e.m.c.i.embedder.EclipseLogger - skip non existing resourceDirectory C:\Users\Sonofkyuss\ExamenMvpigs\lamiaeElWahabi\src\main\resources
